[2025-06-28 15:24:41,247] INFO [checkmate.web_downloader.fetch_page:73] Fetched page: https://public.cyber.mil/stigs/downloads/
[2025-06-28 15:24:41,491] INFO [checkmate.web_downloader.parse_table_for_links:114] Found 438 downloadable files
[2025-06-28 15:41:09,352] WARNING [checkmate.web_downloader.get_file_info:161] Failed to get file info for https://invalid-url-that-should-fail.com/test.zip: HTTPSConnectionPool(host='invalid-url-that-should-fail.com', port=443): Max retries exceeded with url: /test.zip (Caused by NameResolutionError("<urllib3.connection.HTTPSConnection object at 0x73f796977a40>: Failed to resolve 'invalid-url-that-should-fail.com' ([Errno -2] Name or service not known)"))
[2025-06-28 15:52:09,912] WARNING [checkmate.web_downloader.get_file_info:161] Failed to get file info for https://invalid-url-that-should-fail.com/test.zip: HTTPSConnectionPool(host='invalid-url-that-should-fail.com', port=443): Max retries exceeded with url: /test.zip (Caused by NameResolutionError("<urllib3.connection.HTTPSConnection object at 0x73ee89114cb0>: Failed to resolve 'invalid-url-that-should-fail.com' ([Errno -2] Name or service not known)"))
[2025-06-28 17:19:49,988] INFO [checkmate.web_downloader.get_available_stigs:295] Fetching STIG page content...
[2025-06-28 17:19:54,693] INFO [checkmate.web_downloader.fetch_page:73] Fetched page: https://public.cyber.mil/stigs/downloads/
[2025-06-28 17:19:54,694] INFO [checkmate.web_downloader.get_available_stigs:298] Parsing file links from page...
[2025-06-28 17:19:54,919] INFO [checkmate.web_downloader.parse_table_for_links:114] Found 438 downloadable files
[2025-06-28 17:19:54,919] INFO [checkmate.web_downloader.get_available_stigs:305] Found 438 file links, processing metadata...
[2025-06-28 17:19:54,921] INFO [checkmate.web_downloader.get_available_stigs:335] Processed 100/438 files...
[2025-06-28 17:19:54,922] INFO [checkmate.web_downloader.get_available_stigs:335] Processed 200/438 files...
[2025-06-28 17:19:54,924] INFO [checkmate.web_downloader.get_available_stigs:335] Processed 300/438 files...
[2025-06-28 17:19:54,926] INFO [checkmate.web_downloader.get_available_stigs:335] Processed 400/438 files...
[2025-06-28 17:19:54,927] INFO [checkmate.web_downloader.get_available_stigs:342] Successfully processed 438 STIG files
[2025-06-28 17:20:08,532] INFO [checkmate.web_downloader.get_available_stigs:295] Fetching STIG page content...
[2025-06-28 17:20:12,995] INFO [checkmate.web_downloader.fetch_page:73] Fetched page: https://public.cyber.mil/stigs/downloads/
[2025-06-28 17:20:12,996] INFO [checkmate.web_downloader.get_available_stigs:298] Parsing file links from page...
[2025-06-28 17:20:13,227] INFO [checkmate.web_downloader.parse_table_for_links:114] Found 438 downloadable files
[2025-06-28 17:20:13,227] INFO [checkmate.web_downloader.get_available_stigs:305] Found 438 file links, processing metadata...
[2025-06-28 17:20:13,230] INFO [checkmate.web_downloader.get_available_stigs:335] Processed 100/438 files...
[2025-06-28 17:20:13,231] INFO [checkmate.web_downloader.get_available_stigs:335] Processed 200/438 files...
[2025-06-28 17:20:13,232] INFO [checkmate.web_downloader.get_available_stigs:335] Processed 300/438 files...
[2025-06-28 17:20:13,234] INFO [checkmate.web_downloader.get_available_stigs:335] Processed 400/438 files...
[2025-06-28 17:20:13,235] INFO [checkmate.web_downloader.get_available_stigs:342] Successfully processed 438 STIG files
[2025-06-28 18:45:10,023] INFO [checkmate.web_downloader.get_available_stigs:295] Fetching STIG page content...
[2025-06-28 18:45:14,777] INFO [checkmate.web_downloader.fetch_page:73] Fetched page: https://public.cyber.mil/stigs/downloads/
[2025-06-28 18:45:14,781] INFO [checkmate.web_downloader.get_available_stigs:298] Parsing file links from page...
[2025-06-28 18:45:15,801] INFO [checkmate.web_downloader.parse_table_for_links:114] Found 438 downloadable files
[2025-06-28 18:45:15,802] INFO [checkmate.web_downloader.get_available_stigs:305] Found 438 file links, processing metadata...
[2025-06-28 18:45:15,805] INFO [checkmate.web_downloader.get_available_stigs:335] Processed 100/438 files...
[2025-06-28 18:45:15,807] INFO [checkmate.web_downloader.get_available_stigs:335] Processed 200/438 files...
[2025-06-28 18:45:15,810] INFO [checkmate.web_downloader.get_available_stigs:335] Processed 300/438 files...
[2025-06-28 18:45:15,815] INFO [checkmate.web_downloader.get_available_stigs:335] Processed 400/438 files...
[2025-06-28 18:45:15,817] INFO [checkmate.web_downloader.get_available_stigs:342] Successfully processed 438 STIG files
[2025-06-28 19:06:51,547] INFO [checkmate.web_downloader.get_available_stigs:295] Fetching STIG page content...
[2025-06-28 19:06:56,135] INFO [checkmate.web_downloader.fetch_page:73] Fetched page: https://public.cyber.mil/stigs/downloads/
[2025-06-28 19:06:56,136] INFO [checkmate.web_downloader.get_available_stigs:298] Parsing file links from page...
[2025-06-28 19:06:56,366] INFO [checkmate.web_downloader.parse_table_for_links:114] Found 438 downloadable files
[2025-06-28 19:06:56,366] INFO [checkmate.web_downloader.get_available_stigs:305] Found 438 file links, processing metadata...
[2025-06-28 19:06:56,368] INFO [checkmate.web_downloader.get_available_stigs:335] Processed 100/438 files...
[2025-06-28 19:06:56,369] INFO [checkmate.web_downloader.get_available_stigs:335] Processed 200/438 files...
[2025-06-28 19:06:56,371] INFO [checkmate.web_downloader.get_available_stigs:335] Processed 300/438 files...
[2025-06-28 19:06:56,373] INFO [checkmate.web_downloader.get_available_stigs:335] Processed 400/438 files...
[2025-06-28 19:06:56,374] INFO [checkmate.web_downloader.get_available_stigs:342] Successfully processed 438 STIG files
[2025-06-28 19:20:25,883] INFO [checkmate.web_downloader.get_available_stigs:295] Fetching STIG page content...
[2025-06-28 19:20:30,514] INFO [checkmate.web_downloader.fetch_page:73] Fetched page: https://public.cyber.mil/stigs/downloads/
[2025-06-28 19:20:30,515] INFO [checkmate.web_downloader.get_available_stigs:298] Parsing file links from page...
[2025-06-28 19:20:30,745] INFO [checkmate.web_downloader.parse_table_for_links:114] Found 438 downloadable files
[2025-06-28 19:20:30,746] INFO [checkmate.web_downloader.get_available_stigs:305] Found 438 file links, processing metadata...
[2025-06-28 19:20:30,748] INFO [checkmate.web_downloader.get_available_stigs:335] Processed 100/438 files...
[2025-06-28 19:20:30,749] INFO [checkmate.web_downloader.get_available_stigs:335] Processed 200/438 files...
[2025-06-28 19:20:30,750] INFO [checkmate.web_downloader.get_available_stigs:335] Processed 300/438 files...
[2025-06-28 19:20:30,753] INFO [checkmate.web_downloader.get_available_stigs:335] Processed 400/438 files...
[2025-06-28 19:20:30,754] INFO [checkmate.web_downloader.get_available_stigs:342] Successfully processed 438 STIG files
[2025-06-28 19:20:37,709] INFO [checkmate.web_downloader.download_file:205] Downloading: U_Active_Directory_Domain_V3R5_STIG.zip
[2025-06-28 19:20:38,739] INFO [checkmate.web_downloader.download_file:228] Downloaded: U_Active_Directory_Domain_V3R5_STIG.zip (1134351 bytes)
[2025-06-28 19:20:38,740] INFO [checkmate.web_downloader.download_file:205] Downloading: U_Active_Directory_Forest_V3R1_STIG.zip
[2025-06-28 19:20:38,789] INFO [checkmate.web_downloader.download_file:228] Downloaded: U_Active_Directory_Forest_V3R1_STIG.zip (1053193 bytes)
[2025-06-28 19:21:34,207] INFO [checkmate.web_downloader.get_available_stigs:295] Fetching STIG page content...
[2025-06-28 19:21:38,782] INFO [checkmate.web_downloader.fetch_page:73] Fetched page: https://public.cyber.mil/stigs/downloads/
[2025-06-28 19:21:38,783] INFO [checkmate.web_downloader.get_available_stigs:298] Parsing file links from page...
[2025-06-28 19:21:39,014] INFO [checkmate.web_downloader.parse_table_for_links:114] Found 438 downloadable files
[2025-06-28 19:21:39,015] INFO [checkmate.web_downloader.get_available_stigs:305] Found 438 file links, processing metadata...
[2025-06-28 19:21:39,017] INFO [checkmate.web_downloader.get_available_stigs:335] Processed 100/438 files...
[2025-06-28 19:21:39,018] INFO [checkmate.web_downloader.get_available_stigs:335] Processed 200/438 files...
[2025-06-28 19:21:39,019] INFO [checkmate.web_downloader.get_available_stigs:335] Processed 300/438 files...
[2025-06-28 19:21:39,022] INFO [checkmate.web_downloader.get_available_stigs:335] Processed 400/438 files...
[2025-06-28 19:21:39,023] INFO [checkmate.web_downloader.get_available_stigs:342] Successfully processed 438 STIG files
[2025-06-28 19:21:49,437] INFO [checkmate.web_downloader.download_file:205] Downloading: U_Adobe_Acrobat_Reader_DC_Continuous_V2R1_STIG.zip
[2025-06-28 19:21:49,728] INFO [checkmate.web_downloader.download_file:228] Downloaded: U_Adobe_Acrobat_Reader_DC_Continuous_V2R1_STIG.zip (837651 bytes)
[2025-06-28 19:21:49,728] INFO [checkmate.web_downloader.download_file:205] Downloading: U_Adobe_Acrobat_Reader_DC_Continuous_V2R3_STIG_SCAP_1-3_Benchmark.zip
[2025-06-28 19:21:50,104] INFO [checkmate.web_downloader.download_file:228] Downloaded: U_Adobe_Acrobat_Reader_DC_Continuous_V2R3_STIG_SCAP_1-3_Benchmark.zip (11384 bytes)
[2025-06-28 19:26:53,797] INFO [checkmate.web_downloader.get_available_stigs:295] Fetching STIG page content...
[2025-06-28 19:27:07,624] INFO [checkmate.web_downloader.fetch_page:73] Fetched page: https://public.cyber.mil/stigs/downloads/
[2025-06-28 19:27:07,625] INFO [checkmate.web_downloader.get_available_stigs:298] Parsing file links from page...
[2025-06-28 19:27:07,861] INFO [checkmate.web_downloader.parse_table_for_links:114] Found 438 downloadable files
[2025-06-28 19:27:07,861] INFO [checkmate.web_downloader.get_available_stigs:305] Found 438 file links, processing metadata...
[2025-06-28 19:27:07,864] INFO [checkmate.web_downloader.get_available_stigs:335] Processed 100/438 files...
[2025-06-28 19:27:07,865] INFO [checkmate.web_downloader.get_available_stigs:335] Processed 200/438 files...
[2025-06-28 19:27:07,866] INFO [checkmate.web_downloader.get_available_stigs:335] Processed 300/438 files...
[2025-06-28 19:27:07,869] INFO [checkmate.web_downloader.get_available_stigs:335] Processed 400/438 files...
[2025-06-28 19:27:07,870] INFO [checkmate.web_downloader.get_available_stigs:342] Successfully processed 438 STIG files
[2025-06-28 19:27:20,865] INFO [checkmate.web_downloader.download_file:205] Downloading: U_Apache_Server_2-4_Unix_Y25M04_STIG.zip
[2025-06-28 19:27:21,073] INFO [checkmate.web_downloader.download_file:228] Downloaded: U_Apache_Server_2-4_Unix_Y25M04_STIG.zip (2150231 bytes)
[2025-06-28 19:27:21,073] INFO [checkmate.web_downloader.download_file:205] Downloading: U_Apache_Server_2-4_Windows_Y25M04_STIG.zip
[2025-06-28 19:27:21,118] INFO [checkmate.web_downloader.download_file:228] Downloaded: U_Apache_Server_2-4_Windows_Y25M04_STIG.zip (2143535 bytes)
[2025-06-28 19:36:33,732] INFO [checkmate.web_downloader.get_available_stigs:295] Fetching STIG page content...
[2025-06-28 19:36:38,493] INFO [checkmate.web_downloader.fetch_page:73] Fetched page: https://public.cyber.mil/stigs/downloads/
[2025-06-28 19:36:38,494] INFO [checkmate.web_downloader.get_available_stigs:298] Parsing file links from page...
[2025-06-28 19:36:38,717] INFO [checkmate.web_downloader.parse_table_for_links:114] Found 438 downloadable files
[2025-06-28 19:36:38,717] INFO [checkmate.web_downloader.get_available_stigs:305] Found 438 file links, processing metadata...
[2025-06-28 19:36:38,719] INFO [checkmate.web_downloader.get_available_stigs:335] Processed 100/438 files...
[2025-06-28 19:36:38,720] INFO [checkmate.web_downloader.get_available_stigs:335] Processed 200/438 files...
[2025-06-28 19:36:38,721] INFO [checkmate.web_downloader.get_available_stigs:335] Processed 300/438 files...
[2025-06-28 19:36:38,724] INFO [checkmate.web_downloader.get_available_stigs:335] Processed 400/438 files...
[2025-06-28 19:36:38,725] INFO [checkmate.web_downloader.get_available_stigs:342] Successfully processed 438 STIG files
[2025-06-28 19:36:44,564] INFO [checkmate.web_downloader.download_file:205] Downloading: U_Active_Directory_Domain_V3R5_STIG.zip
[2025-06-28 19:36:44,813] INFO [checkmate.web_downloader.download_file:228] Downloaded: U_Active_Directory_Domain_V3R5_STIG.zip (1134351 bytes)
[2025-06-28 19:36:44,814] INFO [checkmate.web_downloader.download_file:205] Downloading: U_Active_Directory_Forest_V3R1_STIG.zip
[2025-06-28 19:36:44,825] INFO [checkmate.web_downloader.download_file:228] Downloaded: U_Active_Directory_Forest_V3R1_STIG.zip (1053193 bytes)
[2025-06-28 19:40:56,884] INFO [checkmate.web_downloader.get_available_stigs:295] Fetching STIG page content...
[2025-06-28 19:41:01,528] INFO [checkmate.web_downloader.fetch_page:73] Fetched page: https://public.cyber.mil/stigs/downloads/
[2025-06-28 19:41:01,529] INFO [checkmate.web_downloader.get_available_stigs:298] Parsing file links from page...
[2025-06-28 19:41:01,764] INFO [checkmate.web_downloader.parse_table_for_links:114] Found 438 downloadable files
[2025-06-28 19:41:01,765] INFO [checkmate.web_downloader.get_available_stigs:305] Found 438 file links, processing metadata...
[2025-06-28 19:41:01,767] INFO [checkmate.web_downloader.get_available_stigs:335] Processed 100/438 files...
[2025-06-28 19:41:01,768] INFO [checkmate.web_downloader.get_available_stigs:335] Processed 200/438 files...
[2025-06-28 19:41:01,770] INFO [checkmate.web_downloader.get_available_stigs:335] Processed 300/438 files...
[2025-06-28 19:41:01,772] INFO [checkmate.web_downloader.get_available_stigs:335] Processed 400/438 files...
[2025-06-28 19:41:01,773] INFO [checkmate.web_downloader.get_available_stigs:342] Successfully processed 438 STIG files
[2025-06-28 19:41:08,130] INFO [checkmate.web_downloader.download_file:205] Downloading: U_Active_Directory_Domain_V3R5_STIG.zip
[2025-06-28 19:41:08,321] INFO [checkmate.web_downloader.download_file:228] Downloaded: U_Active_Directory_Domain_V3R5_STIG.zip (1134351 bytes)
[2025-06-28 19:41:08,322] INFO [checkmate.web_downloader.download_file:205] Downloading: U_Active_Directory_Forest_V3R1_STIG.zip
[2025-06-28 19:41:08,332] INFO [checkmate.web_downloader.download_file:228] Downloaded: U_Active_Directory_Forest_V3R1_STIG.zip (1053193 bytes)
[2025-06-28 19:41:08,332] INFO [checkmate.web_downloader.download_file:205] Downloading: U_Apache_Server_2-4_Unix_Y25M04_STIG.zip
[2025-06-28 19:41:08,344] INFO [checkmate.web_downloader.download_file:228] Downloaded: U_Apache_Server_2-4_Unix_Y25M04_STIG.zip (2150231 bytes)
[2025-06-28 19:41:08,345] INFO [checkmate.web_downloader.download_file:205] Downloading: U_Apache_Server_2-4_Windows_Y25M04_STIG.zip
[2025-06-28 19:41:08,357] INFO [checkmate.web_downloader.download_file:228] Downloaded: U_Apache_Server_2-4_Windows_Y25M04_STIG.zip (2143535 bytes)
[2025-06-28 19:44:49,361] INFO [checkmate.web_downloader.get_available_stigs:295] Fetching STIG page content...
[2025-06-28 19:44:53,781] INFO [checkmate.web_downloader.fetch_page:73] Fetched page: https://public.cyber.mil/stigs/downloads/
[2025-06-28 19:44:53,782] INFO [checkmate.web_downloader.get_available_stigs:298] Parsing file links from page...
[2025-06-28 19:44:54,019] INFO [checkmate.web_downloader.parse_table_for_links:114] Found 438 downloadable files
[2025-06-28 19:44:54,019] INFO [checkmate.web_downloader.get_available_stigs:305] Found 438 file links, processing metadata...
[2025-06-28 19:44:54,021] INFO [checkmate.web_downloader.get_available_stigs:335] Processed 100/438 files...
[2025-06-28 19:44:54,022] INFO [checkmate.web_downloader.get_available_stigs:335] Processed 200/438 files...
[2025-06-28 19:44:54,024] INFO [checkmate.web_downloader.get_available_stigs:335] Processed 300/438 files...
[2025-06-28 19:44:54,026] INFO [checkmate.web_downloader.get_available_stigs:335] Processed 400/438 files...
[2025-06-28 19:44:54,026] INFO [checkmate.web_downloader.get_available_stigs:342] Successfully processed 438 STIG files
[2025-06-28 19:45:02,785] INFO [checkmate.web_downloader.download_file:205] Downloading: U_Active_Directory_Domain_V3R5_STIG.zip
[2025-06-28 19:45:02,839] INFO [checkmate.web_downloader.download_file:228] Downloaded: U_Active_Directory_Domain_V3R5_STIG.zip (1134351 bytes)
[2025-06-28 19:45:02,839] INFO [checkmate.web_downloader.download_file:205] Downloading: U_Active_Directory_Forest_V3R1_STIG.zip
[2025-06-28 19:45:02,852] INFO [checkmate.web_downloader.download_file:228] Downloaded: U_Active_Directory_Forest_V3R1_STIG.zip (1053193 bytes)
[2025-06-28 19:45:02,852] INFO [checkmate.web_downloader.download_file:205] Downloading: U_Apache_Server_2-4_Unix_Y25M04_STIG.zip
[2025-06-28 19:45:02,865] INFO [checkmate.web_downloader.download_file:228] Downloaded: U_Apache_Server_2-4_Unix_Y25M04_STIG.zip (2150231 bytes)
[2025-06-28 19:48:41,738] INFO [checkmate.web_downloader.get_available_stigs:295] Fetching STIG page content...
[2025-06-28 19:48:46,268] INFO [checkmate.web_downloader.fetch_page:73] Fetched page: https://public.cyber.mil/stigs/downloads/
[2025-06-28 19:48:46,269] INFO [checkmate.web_downloader.get_available_stigs:298] Parsing file links from page...
[2025-06-28 19:48:46,503] INFO [checkmate.web_downloader.parse_table_for_links:114] Found 438 downloadable files
[2025-06-28 19:48:46,504] INFO [checkmate.web_downloader.get_available_stigs:305] Found 438 file links, processing metadata...
[2025-06-28 19:48:46,506] INFO [checkmate.web_downloader.get_available_stigs:335] Processed 100/438 files...
[2025-06-28 19:48:46,507] INFO [checkmate.web_downloader.get_available_stigs:335] Processed 200/438 files...
[2025-06-28 19:48:46,508] INFO [checkmate.web_downloader.get_available_stigs:335] Processed 300/438 files...
[2025-06-28 19:48:46,511] INFO [checkmate.web_downloader.get_available_stigs:335] Processed 400/438 files...
[2025-06-28 19:48:46,512] INFO [checkmate.web_downloader.get_available_stigs:342] Successfully processed 438 STIG files
[2025-06-28 19:48:56,109] INFO [checkmate.web_downloader.download_file:205] Downloading: /workspaces/checkmate/user_docs/zip_files/U_Active_Directory_Domain_V3R5_STIG.zip
[2025-06-28 19:48:56,293] INFO [checkmate.web_downloader.download_file:228] Downloaded: /workspaces/checkmate/user_docs/zip_files/U_Active_Directory_Domain_V3R5_STIG.zip (1134351 bytes)
[2025-06-28 19:48:56,294] INFO [checkmate.web_downloader.download_file:205] Downloading: /workspaces/checkmate/user_docs/zip_files/U_Active_Directory_Forest_V3R1_STIG.zip
[2025-06-28 19:48:56,302] INFO [checkmate.web_downloader.download_file:228] Downloaded: /workspaces/checkmate/user_docs/zip_files/U_Active_Directory_Forest_V3R1_STIG.zip (1053193 bytes)
[2025-06-28 19:48:56,303] INFO [checkmate.web_downloader.download_file:205] Downloading: /workspaces/checkmate/user_docs/zip_files/U_Apache_Server_2-4_Unix_Y25M04_STIG.zip
[2025-06-28 19:48:56,316] INFO [checkmate.web_downloader.download_file:228] Downloaded: /workspaces/checkmate/user_docs/zip_files/U_Apache_Server_2-4_Unix_Y25M04_STIG.zip (2150231 bytes)
[2025-06-28 19:48:56,317] INFO [checkmate.web_downloader.download_file:205] Downloading: /workspaces/checkmate/user_docs/zip_files/U_Apache_Server_2-4_Windows_Y25M04_STIG.zip
[2025-06-28 19:48:56,330] INFO [checkmate.web_downloader.download_file:228] Downloaded: /workspaces/checkmate/user_docs/zip_files/U_Apache_Server_2-4_Windows_Y25M04_STIG.zip (2143535 bytes)
[2025-06-28 19:48:56,331] INFO [checkmate.web_downloader.download_file:201] File already exists: U_Active_Directory_Domain_V3R5_STIG.zip
[2025-06-28 19:48:56,331] INFO [checkmate.web_downloader.download_file:201] File already exists: U_Active_Directory_Forest_V3R1_STIG.zip
[2025-06-28 19:48:56,332] INFO [checkmate.web_downloader.download_file:201] File already exists: U_Apache_Server_2-4_Unix_Y25M04_STIG.zip
[2025-06-28 19:48:56,332] INFO [checkmate.web_downloader.download_file:201] File already exists: U_Apache_Server_2-4_Windows_Y25M04_STIG.zip
[2025-06-28 19:48:56,333] INFO [checkmate.web_downloader.download_file:201] File already exists: U_Active_Directory_Domain_V3R5_STIG.zip
[2025-06-28 19:48:56,333] INFO [checkmate.web_downloader.download_file:201] File already exists: U_Active_Directory_Forest_V3R1_STIG.zip
[2025-06-28 19:48:56,333] INFO [checkmate.web_downloader.download_file:201] File already exists: U_Apache_Server_2-4_Unix_Y25M04_STIG.zip
[2025-06-28 19:48:56,333] INFO [checkmate.web_downloader.download_file:201] File already exists: U_Apache_Server_2-4_Windows_Y25M04_STIG.zip
[2025-06-29 08:00:19,787] INFO [checkmate.web_downloader.get_available_stigs:295] Fetching STIG page content...
[2025-06-29 08:00:24,567] INFO [checkmate.web_downloader.fetch_page:73] Fetched page: https://public.cyber.mil/stigs/downloads/
[2025-06-29 08:00:24,568] INFO [checkmate.web_downloader.get_available_stigs:298] Parsing file links from page...
[2025-06-29 08:00:24,820] INFO [checkmate.web_downloader.parse_table_for_links:114] Found 438 downloadable files
[2025-06-29 08:00:24,820] INFO [checkmate.web_downloader.get_available_stigs:305] Found 438 file links, processing metadata...
[2025-06-29 08:00:24,822] INFO [checkmate.web_downloader.get_available_stigs:335] Processed 100/438 files...
[2025-06-29 08:00:24,823] INFO [checkmate.web_downloader.get_available_stigs:335] Processed 200/438 files...
[2025-06-29 08:00:24,825] INFO [checkmate.web_downloader.get_available_stigs:335] Processed 300/438 files...
[2025-06-29 08:00:24,827] INFO [checkmate.web_downloader.get_available_stigs:335] Processed 400/438 files...
[2025-06-29 08:00:24,829] INFO [checkmate.web_downloader.get_available_stigs:342] Successfully processed 438 STIG files
[2025-06-29 08:00:32,044] INFO [checkmate.web_downloader.download_file:205] Downloading: U_Active_Directory_Domain_V3R5_STIG.zip
[2025-06-29 08:00:32,262] INFO [checkmate.web_downloader.download_file:228] Downloaded: U_Active_Directory_Domain_V3R5_STIG.zip (1134351 bytes)
[2025-06-29 08:00:32,262] INFO [checkmate.web_downloader.download_file:205] Downloading: U_Active_Directory_Forest_V3R1_STIG.zip
[2025-06-29 08:00:32,270] INFO [checkmate.web_downloader.download_file:228] Downloaded: U_Active_Directory_Forest_V3R1_STIG.zip (1053193 bytes)
[2025-06-29 08:00:32,270] INFO [checkmate.web_downloader.download_file:205] Downloading: U_Apache_Server_2-4_Unix_Y25M04_STIG.zip
[2025-06-29 08:00:32,282] INFO [checkmate.web_downloader.download_file:228] Downloaded: U_Apache_Server_2-4_Unix_Y25M04_STIG.zip (2150231 bytes)
[2025-06-29 08:00:32,282] INFO [checkmate.web_downloader.download_file:205] Downloading: U_Apache_Server_2-4_Windows_Y25M04_STIG.zip
[2025-06-29 08:00:32,297] INFO [checkmate.web_downloader.download_file:228] Downloaded: U_Apache_Server_2-4_Windows_Y25M04_STIG.zip (2143535 bytes)
[2025-06-29 08:05:48,132] INFO [checkmate.web_downloader.get_available_stigs:295] Fetching STIG page content...
[2025-06-29 08:05:52,696] INFO [checkmate.web_downloader.fetch_page:73] Fetched page: https://public.cyber.mil/stigs/downloads/
[2025-06-29 08:05:52,697] INFO [checkmate.web_downloader.get_available_stigs:298] Parsing file links from page...
[2025-06-29 08:05:52,972] INFO [checkmate.web_downloader.parse_table_for_links:114] Found 438 downloadable files
[2025-06-29 08:05:52,972] INFO [checkmate.web_downloader.get_available_stigs:305] Found 438 file links, processing metadata...
[2025-06-29 08:05:52,977] INFO [checkmate.web_downloader.get_available_stigs:335] Processed 100/438 files...
[2025-06-29 08:05:52,980] INFO [checkmate.web_downloader.get_available_stigs:335] Processed 200/438 files...
[2025-06-29 08:05:52,982] INFO [checkmate.web_downloader.get_available_stigs:335] Processed 300/438 files...
[2025-06-29 08:05:52,985] INFO [checkmate.web_downloader.get_available_stigs:335] Processed 400/438 files...
[2025-06-29 08:05:52,986] INFO [checkmate.web_downloader.get_available_stigs:342] Successfully processed 438 STIG files
[2025-06-29 08:06:00,449] INFO [checkmate.web_downloader.download_file:201] File already exists: U_Active_Directory_Domain_V3R5_STIG.zip
[2025-06-29 08:06:00,449] INFO [checkmate.web_downloader.download_file:201] File already exists: U_Active_Directory_Forest_V3R1_STIG.zip
[2025-06-29 08:06:00,449] INFO [checkmate.web_downloader.download_file:201] File already exists: U_Apache_Server_2-4_Unix_Y25M04_STIG.zip
[2025-06-29 08:06:00,449] INFO [checkmate.web_downloader.download_file:201] File already exists: U_Apache_Server_2-4_Windows_Y25M04_STIG.zip
[2025-06-29 08:06:24,974] INFO [checkmate.web_downloader.get_available_stigs:295] Fetching STIG page content...
[2025-06-29 08:06:28,796] INFO [checkmate.web_downloader.fetch_page:73] Fetched page: https://public.cyber.mil/stigs/downloads/
[2025-06-29 08:06:28,797] INFO [checkmate.web_downloader.get_available_stigs:298] Parsing file links from page...
[2025-06-29 08:06:29,047] INFO [checkmate.web_downloader.parse_table_for_links:114] Found 438 downloadable files
[2025-06-29 08:06:29,047] INFO [checkmate.web_downloader.get_available_stigs:305] Found 438 file links, processing metadata...
[2025-06-29 08:06:29,048] INFO [checkmate.web_downloader.get_available_stigs:335] Processed 100/438 files...
[2025-06-29 08:06:29,050] INFO [checkmate.web_downloader.get_available_stigs:335] Processed 200/438 files...
[2025-06-29 08:06:29,051] INFO [checkmate.web_downloader.get_available_stigs:335] Processed 300/438 files...
[2025-06-29 08:06:29,053] INFO [checkmate.web_downloader.get_available_stigs:335] Processed 400/438 files...
[2025-06-29 08:06:29,055] INFO [checkmate.web_downloader.get_available_stigs:342] Successfully processed 438 STIG files
[2025-06-29 08:06:37,662] INFO [checkmate.web_downloader.download_file:201] File already exists: U_Active_Directory_Domain_V3R5_STIG.zip
[2025-06-29 08:06:37,662] INFO [checkmate.web_downloader.download_file:201] File already exists: U_Active_Directory_Forest_V3R1_STIG.zip
[2025-06-29 08:06:37,662] INFO [checkmate.web_downloader.download_file:201] File already exists: U_Apache_Server_2-4_Unix_Y25M04_STIG.zip
[2025-06-29 08:06:37,662] INFO [checkmate.web_downloader.download_file:201] File already exists: U_Apache_Server_2-4_Windows_Y25M04_STIG.zip
[2025-06-29 08:19:04,787] INFO [checkmate.web_downloader.get_available_stigs:295] Fetching STIG page content...
[2025-06-29 08:19:09,663] INFO [checkmate.web_downloader.fetch_page:73] Fetched page: https://public.cyber.mil/stigs/downloads/
[2025-06-29 08:19:09,665] INFO [checkmate.web_downloader.get_available_stigs:298] Parsing file links from page...
[2025-06-29 08:19:09,896] INFO [checkmate.web_downloader.parse_table_for_links:114] Found 438 downloadable files
[2025-06-29 08:19:09,896] INFO [checkmate.web_downloader.get_available_stigs:305] Found 438 file links, processing metadata...
[2025-06-29 08:19:09,898] INFO [checkmate.web_downloader.get_available_stigs:335] Processed 100/438 files...
[2025-06-29 08:19:09,900] INFO [checkmate.web_downloader.get_available_stigs:335] Processed 200/438 files...
[2025-06-29 08:19:09,902] INFO [checkmate.web_downloader.get_available_stigs:335] Processed 300/438 files...
[2025-06-29 08:19:09,905] INFO [checkmate.web_downloader.get_available_stigs:335] Processed 400/438 files...
[2025-06-29 08:19:09,906] INFO [checkmate.web_downloader.get_available_stigs:342] Successfully processed 438 STIG files
[2025-06-29 08:19:16,963] INFO [checkmate.web_downloader.download_file:201] File already exists: U_Active_Directory_Domain_V3R5_STIG.zip
[2025-06-29 08:19:16,963] INFO [checkmate.web_downloader.download_file:201] File already exists: U_Active_Directory_Forest_V3R1_STIG.zip
[2025-06-29 08:19:16,963] INFO [checkmate.web_downloader.download_file:201] File already exists: U_Apache_Server_2-4_Unix_Y25M04_STIG.zip
[2025-06-29 08:19:16,963] INFO [checkmate.web_downloader.download_file:201] File already exists: U_Apache_Server_2-4_Windows_Y25M04_STIG.zip
