[2025-06-28 19:27:21,120] INFO [checkmate.cklb_generator.extract_xccdf_from_zip:341] Extracted XCCDF: /tmp/tmp46jlsw7_/U_Apache_Server_2-4_UNIX_Server_STIG_V3R2_Manual-xccdf.xml
[2025-06-28 19:27:21,135] INFO [checkmate.cklb_generator.convert_xml_to_cklb:297] Generated CKLB file: /workspaces/checkmate/cklb_proc/usr_cklb_lib/U_Apache_Server_2-4_Unix_Y25M04_STIG.cklb
[2025-06-28 19:27:21,137] INFO [checkmate.cklb_generator.extract_xccdf_from_zip:341] Extracted XCCDF: /tmp/tmpq6tw0hsc/U_Apache_Server_2-4_Windows_Server_STIG_V3R3_Manual-xccdf.xml
[2025-06-28 19:27:21,150] INFO [checkmate.cklb_generator.convert_xml_to_cklb:297] Generated CKLB file: /workspaces/checkmate/cklb_proc/usr_cklb_lib/U_Apache_Server_2-4_Windows_Y25M04_STIG.cklb
[2025-06-28 19:36:44,827] INFO [checkmate.cklb_generator.extract_xccdf_from_zip:341] Extracted XCCDF: /tmp/tmpxpp_xsmn/U_Active_Directory_Domain_STIG_V3R5_Manual-xccdf.xml
[2025-06-28 19:36:44,835] INFO [checkmate.cklb_generator.convert_xml_to_cklb:297] Generated CKLB file: /workspaces/checkmate/user_docs/cklb_artifacts/U_Active_Directory_Domain_V3R5_STIG.cklb
[2025-06-28 19:36:44,836] INFO [checkmate.cklb_generator.extract_xccdf_from_zip:341] Extracted XCCDF: /tmp/tmpct14o3ng/U_Active_Directory_Forest_STIG_V3R1_Manual-xccdf.xml
[2025-06-28 19:36:44,838] INFO [checkmate.cklb_generator.convert_xml_to_cklb:297] Generated CKLB file: /workspaces/checkmate/user_docs/cklb_artifacts/U_Active_Directory_Forest_V3R1_STIG.cklb
[2025-06-28 19:41:08,359] INFO [checkmate.cklb_generator.extract_xccdf_from_zip:341] Extracted XCCDF: /tmp/tmpo0v02xka/U_Active_Directory_Domain_STIG_V3R5_Manual-xccdf.xml
[2025-06-28 19:41:08,367] INFO [checkmate.cklb_generator.convert_xml_to_cklb:297] Generated CKLB file: /workspaces/checkmate/user_docs/cklb_artifacts/U_Active_Directory_Domain_V3R5_STIG.cklb
[2025-06-28 19:41:08,368] INFO [checkmate.cklb_generator.extract_xccdf_from_zip:341] Extracted XCCDF: /tmp/tmpn8dqbwhy/U_Active_Directory_Forest_STIG_V3R1_Manual-xccdf.xml
[2025-06-28 19:41:08,370] INFO [checkmate.cklb_generator.convert_xml_to_cklb:297] Generated CKLB file: /workspaces/checkmate/user_docs/cklb_artifacts/U_Active_Directory_Forest_V3R1_STIG.cklb
[2025-06-28 19:41:08,372] INFO [checkmate.cklb_generator.extract_xccdf_from_zip:341] Extracted XCCDF: /tmp/tmpjwps897k/U_Apache_Server_2-4_UNIX_Server_STIG_V3R2_Manual-xccdf.xml
[2025-06-28 19:41:08,384] INFO [checkmate.cklb_generator.convert_xml_to_cklb:297] Generated CKLB file: /workspaces/checkmate/user_docs/cklb_artifacts/U_Apache_Server_2-4_Unix_Y25M04_STIG.cklb
[2025-06-28 19:41:08,385] INFO [checkmate.cklb_generator.extract_xccdf_from_zip:341] Extracted XCCDF: /tmp/tmpahh6aqcq/U_Apache_Server_2-4_Windows_Server_STIG_V3R3_Manual-xccdf.xml
[2025-06-28 19:41:08,402] INFO [checkmate.cklb_generator.convert_xml_to_cklb:297] Generated CKLB file: /workspaces/checkmate/user_docs/cklb_artifacts/U_Apache_Server_2-4_Windows_Y25M04_STIG.cklb
[2025-06-28 19:45:02,867] INFO [checkmate.cklb_generator.extract_xccdf_from_zip:341] Extracted XCCDF: /tmp/tmph5p5v_ps/U_Active_Directory_Domain_STIG_V3R5_Manual-xccdf.xml
[2025-06-28 19:45:02,877] INFO [checkmate.cklb_generator.convert_xml_to_cklb:297] Generated CKLB file: /workspaces/checkmate/user_docs/cklb_artifacts/U_Active_Directory_Domain_V3R5_STIG.cklb
[2025-06-28 19:45:02,878] INFO [checkmate.cklb_generator.extract_xccdf_from_zip:341] Extracted XCCDF: /tmp/tmpxjo56gvy/U_Active_Directory_Forest_STIG_V3R1_Manual-xccdf.xml
[2025-06-28 19:45:02,880] INFO [checkmate.cklb_generator.convert_xml_to_cklb:297] Generated CKLB file: /workspaces/checkmate/user_docs/cklb_artifacts/U_Active_Directory_Forest_V3R1_STIG.cklb
[2025-06-28 19:45:02,881] INFO [checkmate.cklb_generator.extract_xccdf_from_zip:341] Extracted XCCDF: /tmp/tmp790gqqfv/U_Apache_Server_2-4_UNIX_Server_STIG_V3R2_Manual-xccdf.xml
[2025-06-28 19:45:02,895] INFO [checkmate.cklb_generator.convert_xml_to_cklb:297] Generated CKLB file: /workspaces/checkmate/user_docs/cklb_artifacts/U_Apache_Server_2-4_Unix_Y25M04_STIG.cklb
[2025-06-28 19:48:56,335] INFO [checkmate.cklb_generator.extract_xccdf_from_zip:341] Extracted XCCDF: /tmp/tmpaxte62fm/U_Active_Directory_Domain_STIG_V3R5_Manual-xccdf.xml
[2025-06-28 19:48:56,344] INFO [checkmate.cklb_generator.convert_xml_to_cklb:297] Generated CKLB file: /workspaces/checkmate/user_docs/cklb_artifacts/U_Active_Directory_Domain_V3R5_STIG.cklb
[2025-06-28 19:48:56,345] INFO [checkmate.cklb_generator.extract_xccdf_from_zip:341] Extracted XCCDF: /tmp/tmpp590ahsr/U_Active_Directory_Forest_STIG_V3R1_Manual-xccdf.xml
[2025-06-28 19:48:56,348] INFO [checkmate.cklb_generator.convert_xml_to_cklb:297] Generated CKLB file: /workspaces/checkmate/user_docs/cklb_artifacts/U_Active_Directory_Forest_V3R1_STIG.cklb
[2025-06-28 19:48:56,349] INFO [checkmate.cklb_generator.extract_xccdf_from_zip:341] Extracted XCCDF: /tmp/tmp8abbeugu/U_Apache_Server_2-4_UNIX_Server_STIG_V3R2_Manual-xccdf.xml
[2025-06-28 19:48:56,363] INFO [checkmate.cklb_generator.convert_xml_to_cklb:297] Generated CKLB file: /workspaces/checkmate/user_docs/cklb_artifacts/U_Apache_Server_2-4_Unix_Y25M04_STIG.cklb
[2025-06-28 19:48:56,364] INFO [checkmate.cklb_generator.extract_xccdf_from_zip:341] Extracted XCCDF: /tmp/tmpmozf04hs/U_Apache_Server_2-4_Windows_Server_STIG_V3R3_Manual-xccdf.xml
[2025-06-28 19:48:56,380] INFO [checkmate.cklb_generator.convert_xml_to_cklb:297] Generated CKLB file: /workspaces/checkmate/user_docs/cklb_artifacts/U_Apache_Server_2-4_Windows_Y25M04_STIG.cklb
