[2025-06-28 14:36:13,259] ERROR [tui.refresh_file_lists:100] Error refreshing file lists: 'Config' object has no attribute 'get_path'
[2025-06-28 14:36:13,259] ERROR [tui.refresh_file_lists:100] Error refreshing file lists: 'Config' object has no attribute 'get_path'
[2025-06-28 14:39:35,947] INFO [tui.run:105] Starting CheckMate TUI
[2025-06-28 14:42:22,816] INFO [tui.run:105] Starting CheckMate TUI
[2025-06-28 14:42:47,778] INFO [tui.cleanup:810] TUI application closing
[2025-06-28 14:42:50,387] INFO [tui.run:105] Starting CheckMate TUI
[2025-06-28 14:42:52,265] INFO [tui.import_cklb_files:684] CKLB import requested
[2025-06-28 14:42:57,251] INFO [tui.import_cklb_files:684] CKLB import requested
[2025-06-28 14:43:02,715] INFO [tui.cleanup:810] TUI application closing
[2025-06-28 14:43:05,493] INFO [tui.run:105] Starting CheckMate TUI
[2025-06-28 14:43:07,172] INFO [tui.cleanup:810] TUI application closing
[2025-06-28 14:43:09,137] INFO [tui.run:105] Starting CheckMate TUI
[2025-06-28 14:43:40,453] INFO [tui.import_cklb_files:684] CKLB import requested
[2025-06-28 14:43:44,139] INFO [tui.import_cklb_files:684] CKLB import requested
[2025-06-28 14:44:02,139] INFO [tui.fetch_download_list:716] Fetching download list from URL
[2025-06-28 14:44:02,139] ERROR [tui.fetch_download_list:725] Download list error: 'WebDownloader' object has no attribute 'get_available_files'
[2025-06-28 14:44:27,553] INFO [tui.cleanup:810] TUI application closing
[2025-06-28 14:47:14,754] INFO [tui.run:105] Starting CheckMate TUI
[2025-06-28 14:47:16,921] INFO [tui.import_cklb_files:684] CKLB import requested
[2025-06-28 14:47:21,624] INFO [tui.import_cklb_files:684] CKLB import requested
[2025-06-28 14:47:30,361] INFO [tui.cleanup:810] TUI application closing
[2025-06-28 15:09:39,913] INFO [tui.run:105] Starting CheckMate TUI
[2025-06-28 15:09:46,899] INFO [tui.fetch_download_list:891] Fetching download list from URL
[2025-06-28 15:09:52,430] INFO [tui.run:105] Starting CheckMate TUI
[2025-06-28 15:09:57,397] INFO [tui.cleanup:1002] TUI application closing
[2025-06-28 16:53:38,203] INFO [tui.run:105] Starting CheckMate TUI
[2025-06-28 16:53:45,742] ERROR [tui.run:110] TUI error: 'CheckMateTUI' object has no attribute 'cleanup'
[2025-06-28 16:55:51,727] INFO [tui.run:105] Starting CheckMate TUI
[2025-06-28 16:56:04,533] INFO [tui.cleanup:1619] TUI application closing
[2025-06-28 17:00:04,624] INFO [tui.run:106] Starting CheckMate TUI
[2025-06-28 17:01:11,595] ERROR [tui.run:111] TUI error: 'CheckMateTUI' object has no attribute 'cleanup'
[2025-06-28 17:04:16,054] INFO [tui.run:106] Starting CheckMate TUI
[2025-06-28 17:04:18,177] ERROR [tui.run:111] TUI error: 'CheckMateTUI' object has no attribute 'cleanup'
[2025-06-28 17:10:17,000] INFO [tui.run:106] Starting CheckMate TUI
[2025-06-28 17:10:21,461] ERROR [tui.run:111] TUI error: 'CheckMateTUI' object has no attribute 'cleanup'
[2025-06-28 17:13:41,844] INFO [tui.run:106] Starting CheckMate TUI
[2025-06-28 17:13:43,807] ERROR [tui.run:111] TUI error: 'CheckMateTUI' object has no attribute 'cleanup'
[2025-06-28 18:45:01,740] INFO [tui.run:106] Starting CheckMate TUI
[2025-06-28 18:45:10,016] INFO [tui.fetch_download_list:888] Fetching download list from URL
[2025-06-28 18:45:16,087] INFO [tui.fetch_download_list:902] Found 438 downloadable STIG files
[2025-06-28 18:45:23,338] ERROR [tui.display_stig_selection:1303] Unexpected error in STIG selection: 'CheckMateTUI' object has no attribute 'choose_download_mode'
[2025-06-28 18:47:38,241] ERROR [tui.run:111] TUI error: 'CheckMateTUI' object has no attribute 'cleanup'
[2025-06-28 19:06:51,545] INFO [tui.fetch_download_list:888] Fetching download list from URL
[2025-06-28 19:06:56,558] INFO [tui.fetch_download_list:902] Found 438 downloadable STIG files
[2025-06-28 19:20:25,882] INFO [tui.fetch_download_list:888] Fetching download list from URL
[2025-06-28 19:20:30,888] INFO [tui.fetch_download_list:902] Found 438 downloadable STIG files
[2025-06-28 19:20:38,789] ERROR [tui.download_and_create_cklb:1623] Error creating CKLB from U_Active_Directory_Domain_V3R5_STIG.zip: 'CKLBGenerator' object has no attribute 'process_zip_file'
[2025-06-28 19:20:38,789] ERROR [tui.download_and_create_cklb:1623] Error creating CKLB from U_Active_Directory_Forest_V3R1_STIG.zip: 'CKLBGenerator' object has no attribute 'process_zip_file'
[2025-06-28 19:20:43,099] INFO [tui.download_and_create_cklb:1650] CKLB creation result: 0/2 files processed
[2025-06-28 19:21:26,443] ERROR [tui.main_loop:131] Main loop error: 'CheckMateTUI' object has no attribute 'view_downloaded_files'
[2025-06-28 19:21:34,206] INFO [tui.fetch_download_list:888] Fetching download list from URL
[2025-06-28 19:21:39,213] INFO [tui.fetch_download_list:902] Found 438 downloadable STIG files
[2025-06-28 19:21:50,104] ERROR [tui.download_and_create_cklb:1623] Error creating CKLB from U_Adobe_Acrobat_Reader_DC_Continuous_V2R1_STIG.zip: 'CKLBGenerator' object has no attribute 'process_zip_file'
[2025-06-28 19:21:50,104] ERROR [tui.download_and_create_cklb:1623] Error creating CKLB from U_Adobe_Acrobat_Reader_DC_Continuous_V2R3_STIG_SCAP_1-3_Benchmark.zip: 'CKLBGenerator' object has no attribute 'process_zip_file'
[2025-06-28 19:21:57,979] INFO [tui.download_and_create_cklb:1650] CKLB creation result: 0/2 files processed
[2025-06-28 19:26:53,796] INFO [tui.fetch_download_list:888] Fetching download list from URL
[2025-06-28 19:27:08,821] INFO [tui.fetch_download_list:902] Found 438 downloadable STIG files
[2025-06-28 19:28:19,586] INFO [tui.download_and_create_cklb:1658] CKLB creation result: 2/2 files processed
[2025-06-28 19:36:33,731] INFO [tui.fetch_download_list:890] Fetching download list from URL
[2025-06-28 19:36:38,737] INFO [tui.fetch_download_list:904] Found 438 downloadable STIG files
[2025-06-28 19:39:59,147] INFO [tui.download_and_create_cklb:1660] CKLB creation result: 2/2 files processed
[2025-06-28 19:40:56,883] INFO [tui.fetch_download_list:890] Fetching download list from URL
[2025-06-28 19:41:01,889] INFO [tui.fetch_download_list:904] Found 438 downloadable STIG files
[2025-06-28 19:41:27,968] INFO [tui.download_and_create_cklb:1660] CKLB creation result: 4/4 files processed
[2025-06-28 19:44:49,360] INFO [tui.fetch_download_list:890] Fetching download list from URL
[2025-06-28 19:44:54,371] INFO [tui.fetch_download_list:904] Found 438 downloadable STIG files
[2025-06-28 19:45:09,507] INFO [tui.download_and_create_cklb:1660] CKLB creation result: 3/3 files processed
[2025-06-28 19:48:41,738] INFO [tui.fetch_download_list:890] Fetching download list from URL
[2025-06-28 19:48:46,744] INFO [tui.fetch_download_list:904] Found 438 downloadable STIG files
[2025-06-28 19:48:56,108] INFO [tui.download_and_create_cklb:1579] Starting download and CKLB creation for 4 STIGs.
[2025-06-28 19:48:56,108] INFO [tui.download_and_create_cklb:1596] Downloading ZIP: https://dl.dod.cyber.mil/wp-content/uploads/stigs/zip/U_Active_Directory_Domain_V3R5_STIG.zip -> /workspaces/checkmate/user_docs/zip_files/U_Active_Directory_Domain_V3R5_STIG.zip
[2025-06-28 19:48:56,294] ERROR [tui.download_and_create_cklb:1625] Error processing STIG {'stig_id': 'Active_Directory_Domain', 'version': 3, 'release': 5, 'date': None, 'type': 'stig', 'format': 'version_release', 'filename': 'U_Active_Directory_Domain_V3R5_STIG.zip', 'url': 'https://dl.dod.cyber.mil/wp-content/uploads/stigs/zip/U_Active_Directory_Domain_V3R5_STIG.zip', 'size': None, 'content_type': 'application/zip', 'last_modified': '', 'etag': ''}: 'WebDownloader' object has no attribute 'extract_xccdf_from_zip'
[2025-06-28 19:48:56,294] INFO [tui.download_and_create_cklb:1596] Downloading ZIP: https://dl.dod.cyber.mil/wp-content/uploads/stigs/zip/U_Active_Directory_Forest_V3R1_STIG.zip -> /workspaces/checkmate/user_docs/zip_files/U_Active_Directory_Forest_V3R1_STIG.zip
[2025-06-28 19:48:56,303] ERROR [tui.download_and_create_cklb:1625] Error processing STIG {'stig_id': 'Active_Directory_Forest', 'version': 3, 'release': 1, 'date': None, 'type': 'stig', 'format': 'version_release', 'filename': 'U_Active_Directory_Forest_V3R1_STIG.zip', 'url': 'https://dl.dod.cyber.mil/wp-content/uploads/stigs/zip/U_Active_Directory_Forest_V3R1_STIG.zip', 'size': None, 'content_type': 'application/zip', 'last_modified': '', 'etag': ''}: 'WebDownloader' object has no attribute 'extract_xccdf_from_zip'
[2025-06-28 19:48:56,303] INFO [tui.download_and_create_cklb:1596] Downloading ZIP: https://dl.dod.cyber.mil/wp-content/uploads/stigs/zip/U_Apache_Server_2-4_Unix_Y25M04_STIG.zip -> /workspaces/checkmate/user_docs/zip_files/U_Apache_Server_2-4_Unix_Y25M04_STIG.zip
[2025-06-28 19:48:56,316] ERROR [tui.download_and_create_cklb:1625] Error processing STIG {'stig_id': 'Apache_Server_2-4_Unix', 'version': 'Y25', 'release': 'M04', 'date': None, 'type': 'stig', 'format': 'year_month', 'filename': 'U_Apache_Server_2-4_Unix_Y25M04_STIG.zip', 'url': 'https://dl.dod.cyber.mil/wp-content/uploads/stigs/zip/U_Apache_Server_2-4_Unix_Y25M04_STIG.zip', 'size': None, 'content_type': 'application/zip', 'last_modified': '', 'etag': ''}: 'WebDownloader' object has no attribute 'extract_xccdf_from_zip'
[2025-06-28 19:48:56,317] INFO [tui.download_and_create_cklb:1596] Downloading ZIP: https://dl.dod.cyber.mil/wp-content/uploads/stigs/zip/U_Apache_Server_2-4_Windows_Y25M04_STIG.zip -> /workspaces/checkmate/user_docs/zip_files/U_Apache_Server_2-4_Windows_Y25M04_STIG.zip
[2025-06-28 19:48:56,330] ERROR [tui.download_and_create_cklb:1625] Error processing STIG {'stig_id': 'Apache_Server_2-4_Windows', 'version': 'Y25', 'release': 'M04', 'date': None, 'type': 'stig', 'format': 'year_month', 'filename': 'U_Apache_Server_2-4_Windows_Y25M04_STIG.zip', 'url': 'https://dl.dod.cyber.mil/wp-content/uploads/stigs/zip/U_Apache_Server_2-4_Windows_Y25M04_STIG.zip', 'size': None, 'content_type': 'application/zip', 'last_modified': '', 'etag': ''}: 'WebDownloader' object has no attribute 'extract_xccdf_from_zip'
[2025-06-28 19:48:56,330] INFO [tui.download_and_create_cklb:1628] CKLB creation complete: 0 succeeded, 4 failed.
[2025-06-28 19:48:56,332] ERROR [tui.download_and_create_cklb:1681] Error processing ZIP /workspaces/checkmate/user_docs/zip_files/U_Active_Directory_Domain_V3R5_STIG.zip: 'FileUtils' object has no attribute 'extract_xccdf_from_zip'
[2025-06-28 19:48:56,332] ERROR [tui.download_and_create_cklb:1681] Error processing ZIP /workspaces/checkmate/user_docs/zip_files/U_Active_Directory_Forest_V3R1_STIG.zip: 'FileUtils' object has no attribute 'extract_xccdf_from_zip'
[2025-06-28 19:48:56,332] ERROR [tui.download_and_create_cklb:1681] Error processing ZIP /workspaces/checkmate/user_docs/zip_files/U_Apache_Server_2-4_Unix_Y25M04_STIG.zip: 'FileUtils' object has no attribute 'extract_xccdf_from_zip'
[2025-06-28 19:48:56,332] ERROR [tui.download_and_create_cklb:1681] Error processing ZIP /workspaces/checkmate/user_docs/zip_files/U_Apache_Server_2-4_Windows_Y25M04_STIG.zip: 'FileUtils' object has no attribute 'extract_xccdf_from_zip'
[2025-06-28 19:48:56,332] INFO [tui.download_and_create_cklb:1683] Created 0 CKLBs in /workspaces/checkmate/user_docs/cklb_new
[2025-06-28 19:49:06,785] INFO [tui.download_and_create_cklb:1776] CKLB creation result: 4/4 files processed
[2025-06-29 07:44:10,459] INFO [tui.view_downloaded_files:1688] Viewing downloaded files
[2025-06-29 07:44:18,062] INFO [tui.import_cklb_files:683] CKLB import requested
[2025-06-29 07:46:48,153] INFO [tui.import_cklb_files:683] CKLB import requested
[2025-06-29 07:48:31,971] INFO [tui.import_cklb_files:683] CKLB import requested
[2025-06-29 07:50:56,905] INFO [tui.import_cklb_files:683] CKLB import requested
[2025-06-29 07:52:00,609] INFO [tui.import_cklb_files:683] CKLB import requested
[2025-06-29 07:54:55,993] INFO [tui.import_cklb_files:683] CKLB import requested
[2025-06-29 07:57:35,267] INFO [tui.import_cklb_files:683] CKLB import requested
[2025-06-29 07:58:00,785] INFO [tui.import_cklb_files:683] CKLB import requested
[2025-06-29 07:58:31,528] INFO [tui.import_cklb_files:706] Imported: /workspaces/checkmate/user_docs/cklb_artifacts/mytesthost1_v2r1.cklb
[2025-06-29 07:58:31,530] INFO [tui.import_cklb_files:706] Imported: /workspaces/checkmate/user_docs/cklb_artifacts/mytesthost1a_v2r1.cklb
[2025-06-29 07:58:31,531] INFO [tui.import_cklb_files:706] Imported: /workspaces/checkmate/user_docs/cklb_artifacts/mytesthost2_v2r1.cklb
[2025-06-29 07:58:31,532] INFO [tui.import_cklb_files:706] Imported: /workspaces/checkmate/user_docs/cklb_artifacts/mytesthost3_v2r1.cklb
[2025-06-29 07:58:31,532] INFO [tui.import_cklb_files:706] Imported: /workspaces/checkmate/user_docs/cklb_artifacts/splunkv1r5old.cklb
[2025-06-29 08:00:19,786] INFO [tui.fetch_download_list:919] Fetching download list from URL
[2025-06-29 08:00:25,804] INFO [tui.fetch_download_list:933] Found 438 downloadable STIG files
[2025-06-29 08:00:39,796] INFO [tui.download_and_create_cklb:1689] CKLB creation result: 4/4 files processed
[2025-06-29 08:05:48,131] INFO [tui.fetch_download_list:929] Fetching download list from URL
[2025-06-29 08:05:53,137] INFO [tui.fetch_download_list:943] Found 438 downloadable STIG files
[2025-06-29 08:06:02,118] INFO [tui.download_and_create_cklb:1699] CKLB creation result: 4/4 files processed
[2025-06-29 08:06:24,973] INFO [tui.fetch_download_list:929] Fetching download list from URL
[2025-06-29 08:06:29,992] INFO [tui.fetch_download_list:943] Found 438 downloadable STIG files
[2025-06-29 08:06:41,544] INFO [tui.download_and_create_cklb:1699] CKLB creation result: 4/4 files processed
[2025-06-29 08:06:42,344] INFO [tui.cleanup:144] CheckMate TUI cleanup completed
[2025-06-29 08:19:04,786] INFO [tui.fetch_download_list:929] Fetching download list from URL
[2025-06-29 08:19:10,803] INFO [tui.fetch_download_list:943] Found 438 downloadable STIG files
[2025-06-29 08:19:23,147] INFO [tui.download_and_create_cklb:1699] CKLB creation result: 4/4 files processed
[2025-06-29 08:19:34,185] INFO [tui.cleanup:144] CheckMate TUI cleanup completed
